<?xml version="1.0" encoding="UTF-8"?>
<!-- Generated by org.testng.reporters.JUnitXMLReporter -->
<testsuite hostname="BLT182" name="Test" tests="3" failures="0" timestamp="6 Mar 2020 04:48:12 GMT" time="77.65" errors="0">
  <testcase name="move" time="12.637" classname="Com.testcase.Amazon_search_testcase"/>
  <testcase name="login" time="12.811" classname="Com.testcase.Amazon_login_testcase"/>
  <testcase name="move" time="3.083" classname="Com.testcase.Amazon_Account_Testcasae"/>
</testsuite> <!-- Test -->
